<?xml version="1.0" encoding="UTF-8"?>
<coverage generated="1729161808539" clover="3.2.0">
  <project timestamp="1729161808539" name="All files">
    <metrics statements="72" coveredstatements="70" conditionals="20" coveredconditionals="18" methods="29" coveredmethods="28" elements="121" coveredelements="116" complexity="0" loc="72" ncloc="72" packages="2" files="5" classes="5"/>
    <package name="components">
      <metrics statements="44" coveredstatements="43" conditionals="8" coveredconditionals="8" methods="15" coveredmethods="14"/>
      <file name="AddTodo.tsx" path="D:\Projects\Todo With TypeScript And React\src\components\AddTodo.tsx">
        <metrics statements="12" coveredstatements="12" conditionals="1" coveredconditionals="1" methods="3" coveredmethods="3"/>
        <line num="2" count="1" type="stmt"/>
        <line num="3" count="1" type="stmt"/>
        <line num="5" count="1" type="stmt"/>
        <line num="6" count="3" type="stmt"/>
        <line num="7" count="3" type="stmt"/>
        <line num="9" count="3" type="stmt"/>
        <line num="10" count="1" type="cond" truecount="1" falsecount="0"/>
        <line num="11" count="1" type="stmt"/>
        <line num="12" count="1" type="stmt"/>
        <line num="16" count="3" type="stmt"/>
        <line num="21" count="1" type="stmt"/>
        <line num="29" count="1" type="stmt"/>
      </file>
      <file name="Filter.tsx" path="D:\Projects\Todo With TypeScript And React\src\components\Filter.tsx">
        <metrics statements="7" coveredstatements="7" conditionals="0" coveredconditionals="0" methods="2" coveredmethods="2"/>
        <line num="2" count="1" type="stmt"/>
        <line num="4" count="1" type="stmt"/>
        <line num="5" count="4" type="stmt"/>
        <line num="7" count="4" type="stmt"/>
        <line num="8" count="3" type="stmt"/>
        <line num="11" count="4" type="stmt"/>
        <line num="24" count="1" type="stmt"/>
      </file>
      <file name="TodoItem.tsx" path="D:\Projects\Todo With TypeScript And React\src\components\TodoItem.tsx">
        <metrics statements="18" coveredstatements="17" conditionals="7" coveredconditionals="7" methods="8" coveredmethods="7"/>
        <line num="1" count="2" type="stmt"/>
        <line num="3" count="2" type="stmt"/>
        <line num="9" count="2" type="stmt"/>
        <line num="10" count="21" type="stmt"/>
        <line num="11" count="21" type="stmt"/>
        <line num="12" count="21" type="stmt"/>
        <line num="14" count="21" type="stmt"/>
        <line num="15" count="2" type="cond" truecount="3" falsecount="0"/>
        <line num="16" count="1" type="stmt"/>
        <line num="18" count="2" type="stmt"/>
        <line num="21" count="21" type="stmt"/>
        <line num="26" count="1" type="stmt"/>
        <line num="32" count="1" type="stmt"/>
        <line num="34" count="2" type="cond" truecount="2" falsecount="0"/>
        <line num="38" count="3" type="stmt"/>
        <line num="43" count="0" type="stmt"/>
        <line num="46" count="1" type="stmt"/>
        <line num="54" count="2" type="stmt"/>
      </file>
      <file name="TodoList.tsx" path="D:\Projects\Todo With TypeScript And React\src\components\TodoList.tsx">
        <metrics statements="7" coveredstatements="7" conditionals="0" coveredconditionals="0" methods="2" coveredmethods="2"/>
        <line num="2" count="1" type="stmt"/>
        <line num="3" count="1" type="stmt"/>
        <line num="5" count="1" type="stmt"/>
        <line num="6" count="4" type="stmt"/>
        <line num="8" count="4" type="stmt"/>
        <line num="11" count="9" type="stmt"/>
        <line num="17" count="1" type="stmt"/>
      </file>
    </package>
    <package name="context">
      <metrics statements="28" coveredstatements="27" conditionals="12" coveredconditionals="10" methods="14" coveredmethods="14"/>
      <file name="TodoContext.tsx" path="D:\Projects\Todo With TypeScript And React\src\context\TodoContext.tsx">
        <metrics statements="28" coveredstatements="27" conditionals="12" coveredconditionals="10" methods="14" coveredmethods="14"/>
        <line num="1" count="4" type="stmt"/>
        <line num="14" count="4" type="stmt"/>
        <line num="16" count="4" type="cond" truecount="1" falsecount="0"/>
        <line num="17" count="24" type="stmt"/>
        <line num="18" count="24" type="stmt"/>
        <line num="20" count="24" type="stmt"/>
        <line num="21" count="2" type="stmt"/>
        <line num="24" count="24" type="stmt"/>
        <line num="25" count="2" type="cond" truecount="2" falsecount="0"/>
        <line num="28" count="24" type="stmt"/>
        <line num="29" count="3" type="stmt"/>
        <line num="32" count="24" type="stmt"/>
        <line num="33" count="2" type="cond" truecount="1" falsecount="1"/>
        <line num="34" count="2" type="stmt"/>
        <line num="37" count="24" type="stmt"/>
        <line num="38" count="4" type="stmt"/>
        <line num="41" count="24" type="stmt"/>
        <line num="42" count="24" type="cond" truecount="4" falsecount="0"/>
        <line num="44" count="3" type="stmt"/>
        <line num="46" count="3" type="stmt"/>
        <line num="48" count="4" type="cond" truecount="2" falsecount="0"/>
        <line num="50" count="21" type="stmt"/>
        <line num="54" count="24" type="stmt"/>
        <line num="61" count="4" type="stmt"/>
        <line num="62" count="40" type="stmt"/>
        <line num="63" count="40" type="cond" truecount="0" falsecount="1"/>
        <line num="64" count="0" type="stmt"/>
        <line num="66" count="40" type="stmt"/>
      </file>
    </package>
  </project>
</coverage>
