{"D:\\Projects\\Todo With TypeScript And React\\src\\components\\AddTodo.tsx": {"path":"D:\\Projects\\Todo With TypeScript And React\\src\\components\\AddTodo.tsx","statementMap":{"0":{"start":{"line":2,"column":0},"end":{"line":2,"column":40}},"1":{"start":{"line":3,"column":0},"end":{"line":3,"column":50}},"2":{"start":{"line":5,"column":26},"end":{"line":27,"column":1}},"3":{"start":{"line":6,"column":24},"end":{"line":6,"column":34}},"4":{"start":{"line":7,"column":30},"end":{"line":7,"column":42}},"5":{"start":{"line":9,"column":22},"end":{"line":14,"column":5}},"6":{"start":{"line":10,"column":8},"end":{"line":13,"column":9}},"7":{"start":{"line":11,"column":12},"end":{"line":11,"column":27}},"8":{"start":{"line":12,"column":12},"end":{"line":12,"column":25}},"9":{"start":{"line":16,"column":4},"end":{"line":26,"column":6}},"10":{"start":{"line":21,"column":33},"end":{"line":21,"column":57}},"11":{"start":{"line":29,"column":0},"end":{"line":29,"column":23}}},"fnMap":{"0":{"name":"(anonymous_0)","decl":{"start":{"line":5,"column":26},"end":{"line":5,"column":29}},"loc":{"start":{"line":5,"column":31},"end":{"line":27,"column":1}}},"1":{"name":"(anonymous_1)","decl":{"start":{"line":9,"column":22},"end":{"line":9,"column":25}},"loc":{"start":{"line":9,"column":27},"end":{"line":14,"column":5}}},"2":{"name":"(anonymous_2)","decl":{"start":{"line":21,"column":26},"end":{"line":21,"column":27}},"loc":{"start":{"line":21,"column":33},"end":{"line":21,"column":57}}}},"branchMap":{"0":{"loc":{"start":{"line":10,"column":8},"end":{"line":13,"column":9}},"type":"if","locations":[{"start":{"line":10,"column":8},"end":{"line":13,"column":9}}]}},"s":{"0":1,"1":1,"2":1,"3":3,"4":3,"5":3,"6":1,"7":1,"8":1,"9":3,"10":1,"11":1},"f":{"0":3,"1":1,"2":1},"b":{"0":[1]}}
,"D:\\Projects\\Todo With TypeScript And React\\src\\components\\Filter.tsx": {"path":"D:\\Projects\\Todo With TypeScript And React\\src\\components\\Filter.tsx","statementMap":{"0":{"start":{"line":2,"column":0},"end":{"line":2,"column":50}},"1":{"start":{"line":4,"column":25},"end":{"line":22,"column":1}},"2":{"start":{"line":5,"column":28},"end":{"line":5,"column":38}},"3":{"start":{"line":7,"column":31},"end":{"line":9,"column":5}},"4":{"start":{"line":8,"column":8},"end":{"line":8,"column":85}},"5":{"start":{"line":11,"column":4},"end":{"line":21,"column":6}},"6":{"start":{"line":24,"column":0},"end":{"line":24,"column":22}}},"fnMap":{"0":{"name":"(anonymous_0)","decl":{"start":{"line":4,"column":25},"end":{"line":4,"column":28}},"loc":{"start":{"line":4,"column":30},"end":{"line":22,"column":1}}},"1":{"name":"(anonymous_1)","decl":{"start":{"line":7,"column":31},"end":{"line":7,"column":32}},"loc":{"start":{"line":7,"column":75},"end":{"line":9,"column":5}}}},"branchMap":{},"s":{"0":1,"1":1,"2":4,"3":4,"4":3,"5":4,"6":1},"f":{"0":4,"1":3},"b":{}}
,"D:\\Projects\\Todo With TypeScript And React\\src\\components\\TodoItem.tsx": {"path":"D:\\Projects\\Todo With TypeScript And React\\src\\components\\TodoItem.tsx","statementMap":{"0":{"start":{"line":1,"column":0},"end":{"line":1,"column":40}},"1":{"start":{"line":3,"column":0},"end":{"line":3,"column":50}},"2":{"start":{"line":9,"column":42},"end":{"line":52,"column":1}},"3":{"start":{"line":10,"column":51},"end":{"line":10,"column":61}},"4":{"start":{"line":11,"column":38},"end":{"line":11,"column":53}},"5":{"start":{"line":12,"column":30},"end":{"line":12,"column":50}},"6":{"start":{"line":14,"column":23},"end":{"line":19,"column":5}},"7":{"start":{"line":15,"column":8},"end":{"line":17,"column":9}},"8":{"start":{"line":16,"column":12},"end":{"line":16,"column":39}},"9":{"start":{"line":18,"column":8},"end":{"line":18,"column":28}},"10":{"start":{"line":21,"column":4},"end":{"line":51,"column":6}},"11":{"start":{"line":26,"column":32},"end":{"line":26,"column":51}},"12":{"start":{"line":32,"column":37},"end":{"line":32,"column":61}},"13":{"start":{"line":34,"column":36},"end":{"line":34,"column":69}},"14":{"start":{"line":38,"column":43},"end":{"line":38,"column":61}},"15":{"start":{"line":43,"column":72},"end":{"line":43,"column":90}},"16":{"start":{"line":46,"column":74},"end":{"line":46,"column":93}},"17":{"start":{"line":54,"column":0},"end":{"line":54,"column":24}}},"fnMap":{"0":{"name":"(anonymous_0)","decl":{"start":{"line":9,"column":42},"end":{"line":9,"column":43}},"loc":{"start":{"line":9,"column":55},"end":{"line":52,"column":1}}},"1":{"name":"(anonymous_1)","decl":{"start":{"line":14,"column":23},"end":{"line":14,"column":26}},"loc":{"start":{"line":14,"column":28},"end":{"line":19,"column":5}}},"2":{"name":"(anonymous_2)","decl":{"start":{"line":26,"column":26},"end":{"line":26,"column":29}},"loc":{"start":{"line":26,"column":32},"end":{"line":26,"column":51}}},"3":{"name":"(anonymous_3)","decl":{"start":{"line":32,"column":30},"end":{"line":32,"column":31}},"loc":{"start":{"line":32,"column":37},"end":{"line":32,"column":61}}},"4":{"name":"(anonymous_4)","decl":{"start":{"line":34,"column":29},"end":{"line":34,"column":30}},"loc":{"start":{"line":34,"column":36},"end":{"line":34,"column":69}}},"5":{"name":"(anonymous_5)","decl":{"start":{"line":38,"column":37},"end":{"line":38,"column":40}},"loc":{"start":{"line":38,"column":43},"end":{"line":38,"column":61}}},"6":{"name":"(anonymous_6)","decl":{"start":{"line":43,"column":66},"end":{"line":43,"column":69}},"loc":{"start":{"line":43,"column":72},"end":{"line":43,"column":90}}},"7":{"name":"(anonymous_7)","decl":{"start":{"line":46,"column":68},"end":{"line":46,"column":71}},"loc":{"start":{"line":46,"column":74},"end":{"line":46,"column":93}}}},"branchMap":{"0":{"loc":{"start":{"line":15,"column":8},"end":{"line":17,"column":9}},"type":"if","locations":[{"start":{"line":15,"column":8},"end":{"line":17,"column":9}}]},"1":{"loc":{"start":{"line":15,"column":12},"end":{"line":15,"column":48}},"type":"binary-expr","locations":[{"start":{"line":15,"column":12},"end":{"line":15,"column":24}},{"start":{"line":15,"column":28},"end":{"line":15,"column":48}}]},"2":{"loc":{"start":{"line":28,"column":13},"end":{"line":40,"column":null}},"type":"cond-expr","locations":[{"start":{"line":29,"column":16},"end":{"line":35,"column":null}},{"start":{"line":38,"column":16},"end":{"line":39,"column":null}}]},"3":{"loc":{"start":{"line":34,"column":36},"end":{"line":34,"column":69}},"type":"binary-expr","locations":[{"start":{"line":34,"column":36},"end":{"line":34,"column":53}},{"start":{"line":34,"column":57},"end":{"line":34,"column":69}}]}},"s":{"0":2,"1":2,"2":2,"3":21,"4":21,"5":21,"6":21,"7":2,"8":1,"9":2,"10":21,"11":1,"12":1,"13":2,"14":3,"15":0,"16":1,"17":2},"f":{"0":21,"1":2,"2":1,"3":1,"4":2,"5":3,"6":0,"7":1},"b":{"0":[1],"1":[2,2],"2":[4,17],"3":[2,2]}}
,"D:\\Projects\\Todo With TypeScript And React\\src\\components\\TodoList.tsx": {"path":"D:\\Projects\\Todo With TypeScript And React\\src\\components\\TodoList.tsx","statementMap":{"0":{"start":{"line":2,"column":0},"end":{"line":2,"column":50}},"1":{"start":{"line":3,"column":0},"end":{"line":3,"column":34}},"2":{"start":{"line":5,"column":27},"end":{"line":15,"column":1}},"3":{"start":{"line":6,"column":22},"end":{"line":6,"column":32}},"4":{"start":{"line":8,"column":4},"end":{"line":14,"column":6}},"5":{"start":{"line":11,"column":16},"end":{"line":11,"column":40}},"6":{"start":{"line":17,"column":0},"end":{"line":17,"column":24}}},"fnMap":{"0":{"name":"(anonymous_1)","decl":{"start":{"line":5,"column":27},"end":{"line":5,"column":30}},"loc":{"start":{"line":5,"column":32},"end":{"line":15,"column":1}}},"1":{"name":"(anonymous_2)","decl":{"start":{"line":10,"column":23},"end":{"line":10,"column":27}},"loc":{"start":{"line":11,"column":16},"end":{"line":11,"column":40}}}},"branchMap":{},"s":{"0":1,"1":1,"2":1,"3":4,"4":4,"5":9,"6":1},"f":{"0":4,"1":9},"b":{}}
,"D:\\Projects\\Todo With TypeScript And React\\src\\context\\TodoContext.tsx": {"path":"D:\\Projects\\Todo With TypeScript And React\\src\\context\\TodoContext.tsx","statementMap":{"0":{"start":{"line":1,"column":0},"end":{"line":1,"column":76}},"1":{"start":{"line":14,"column":20},"end":{"line":14,"column":73}},"2":{"start":{"line":16,"column":92},"end":{"line":59,"column":1}},"3":{"start":{"line":17,"column":30},"end":{"line":17,"column":60}},"4":{"start":{"line":18,"column":32},"end":{"line":18,"column":94}},"5":{"start":{"line":20,"column":20},"end":{"line":22,"column":5}},"6":{"start":{"line":21,"column":8},"end":{"line":21,"column":85}},"7":{"start":{"line":24,"column":23},"end":{"line":26,"column":5}},"8":{"start":{"line":25,"column":8},"end":{"line":25,"column":82}},"9":{"start":{"line":25,"column":36},"end":{"line":25,"column":78}},"10":{"start":{"line":28,"column":23},"end":{"line":30,"column":5}},"11":{"start":{"line":29,"column":8},"end":{"line":29,"column":55}},"12":{"start":{"line":29,"column":38},"end":{"line":29,"column":52}},"13":{"start":{"line":32,"column":23},"end":{"line":35,"column":5}},"14":{"start":{"line":33,"column":29},"end":{"line":33,"column":113}},"15":{"start":{"line":33,"column":48},"end":{"line":33,"column":111}},"16":{"start":{"line":34,"column":8},"end":{"line":34,"column":31}},"17":{"start":{"line":37,"column":24},"end":{"line":39,"column":5}},"18":{"start":{"line":38,"column":8},"end":{"line":38,"column":26}},"19":{"start":{"line":41,"column":26},"end":{"line":52,"column":23}},"20":{"start":{"line":42,"column":8},"end":{"line":51,"column":9}},"21":{"start":{"line":44,"column":16},"end":{"line":44,"column":61}},"22":{"start":{"line":44,"column":44},"end":{"line":44,"column":59}},"23":{"start":{"line":46,"column":16},"end":{"line":46,"column":60}},"24":{"start":{"line":46,"column":44},"end":{"line":46,"column":58}},"25":{"start":{"line":48,"column":16},"end":{"line":48,"column":89}},"26":{"start":{"line":48,"column":44},"end":{"line":48,"column":87}},"27":{"start":{"line":50,"column":16},"end":{"line":50,"column":29}},"28":{"start":{"line":54,"column":4},"end":{"line":58,"column":6}},"29":{"start":{"line":16,"column":13},"end":{"line":16,"column":92}},"30":{"start":{"line":61,"column":24},"end":{"line":67,"column":1}},"31":{"start":{"line":62,"column":20},"end":{"line":62,"column":43}},"32":{"start":{"line":63,"column":4},"end":{"line":65,"column":5}},"33":{"start":{"line":64,"column":8},"end":{"line":64,"column":71}},"34":{"start":{"line":66,"column":4},"end":{"line":66,"column":19}},"35":{"start":{"line":61,"column":13},"end":{"line":61,"column":24}}},"fnMap":{"0":{"name":"(anonymous_0)","decl":{"start":{"line":16,"column":92},"end":{"line":16,"column":93}},"loc":{"start":{"line":16,"column":128},"end":{"line":59,"column":1}}},"1":{"name":"(anonymous_1)","decl":{"start":{"line":20,"column":20},"end":{"line":20,"column":21}},"loc":{"start":{"line":20,"column":38},"end":{"line":22,"column":5}}},"2":{"name":"(anonymous_2)","decl":{"start":{"line":24,"column":23},"end":{"line":24,"column":24}},"loc":{"start":{"line":24,"column":53},"end":{"line":26,"column":5}}},"3":{"name":"(anonymous_3)","decl":{"start":{"line":25,"column":27},"end":{"line":25,"column":31}},"loc":{"start":{"line":25,"column":36},"end":{"line":25,"column":78}}},"4":{"name":"(anonymous_4)","decl":{"start":{"line":28,"column":23},"end":{"line":28,"column":24}},"loc":{"start":{"line":28,"column":38},"end":{"line":30,"column":5}}},"5":{"name":"(anonymous_5)","decl":{"start":{"line":29,"column":30},"end":{"line":29,"column":34}},"loc":{"start":{"line":29,"column":38},"end":{"line":29,"column":52}}},"6":{"name":"(anonymous_6)","decl":{"start":{"line":32,"column":23},"end":{"line":32,"column":24}},"loc":{"start":{"line":32,"column":38},"end":{"line":35,"column":5}}},"7":{"name":"(anonymous_7)","decl":{"start":{"line":33,"column":39},"end":{"line":33,"column":43}},"loc":{"start":{"line":33,"column":48},"end":{"line":33,"column":111}}},"8":{"name":"(anonymous_8)","decl":{"start":{"line":37,"column":24},"end":{"line":37,"column":25}},"loc":{"start":{"line":37,"column":82},"end":{"line":39,"column":5}}},"9":{"name":"(anonymous_9)","decl":{"start":{"line":41,"column":34},"end":{"line":41,"column":37}},"loc":{"start":{"line":41,"column":39},"end":{"line":52,"column":5}}},"10":{"name":"(anonymous_10)","decl":{"start":{"line":44,"column":36},"end":{"line":44,"column":40}},"loc":{"start":{"line":44,"column":44},"end":{"line":44,"column":59}}},"11":{"name":"(anonymous_11)","decl":{"start":{"line":46,"column":36},"end":{"line":46,"column":40}},"loc":{"start":{"line":46,"column":44},"end":{"line":46,"column":58}}},"12":{"name":"(anonymous_12)","decl":{"start":{"line":48,"column":36},"end":{"line":48,"column":40}},"loc":{"start":{"line":48,"column":44},"end":{"line":48,"column":87}}},"13":{"name":"(anonymous_13)","decl":{"start":{"line":61,"column":24},"end":{"line":61,"column":27}},"loc":{"start":{"line":61,"column":29},"end":{"line":67,"column":1}}}},"branchMap":{"0":{"loc":{"start":{"line":16,"column":105},"end":{"line":16,"column":122}},"type":"default-arg","locations":[{"start":{"line":16,"column":120},"end":{"line":16,"column":122}}]},"1":{"loc":{"start":{"line":25,"column":36},"end":{"line":25,"column":78}},"type":"cond-expr","locations":[{"start":{"line":25,"column":53},"end":{"line":25,"column":71}},{"start":{"line":25,"column":74},"end":{"line":25,"column":78}}]},"2":{"loc":{"start":{"line":33,"column":48},"end":{"line":33,"column":111}},"type":"cond-expr","locations":[{"start":{"line":33,"column":65},"end":{"line":33,"column":104}},{"start":{"line":33,"column":107},"end":{"line":33,"column":111}}]},"3":{"loc":{"start":{"line":42,"column":8},"end":{"line":51,"column":9}},"type":"switch","locations":[{"start":{"line":43,"column":12},"end":{"line":44,"column":61}},{"start":{"line":45,"column":12},"end":{"line":46,"column":60}},{"start":{"line":47,"column":12},"end":{"line":48,"column":89}},{"start":{"line":49,"column":12},"end":{"line":50,"column":29}}]},"4":{"loc":{"start":{"line":48,"column":44},"end":{"line":48,"column":87}},"type":"binary-expr","locations":[{"start":{"line":48,"column":44},"end":{"line":48,"column":59}},{"start":{"line":48,"column":63},"end":{"line":48,"column":87}}]},"5":{"loc":{"start":{"line":63,"column":4},"end":{"line":65,"column":5}},"type":"if","locations":[{"start":{"line":63,"column":4},"end":{"line":65,"column":5}}]}},"s":{"0":4,"1":4,"2":4,"3":24,"4":24,"5":24,"6":2,"7":24,"8":2,"9":2,"10":24,"11":3,"12":2,"13":24,"14":2,"15":2,"16":2,"17":24,"18":4,"19":24,"20":24,"21":1,"22":3,"23":1,"24":3,"25":1,"26":4,"27":21,"28":24,"29":4,"30":4,"31":40,"32":40,"33":0,"34":40,"35":4},"f":{"0":24,"1":2,"2":2,"3":2,"4":3,"5":2,"6":2,"7":2,"8":4,"9":24,"10":3,"11":3,"12":4,"13":40},"b":{"0":[5],"1":[1,1],"2":[2,0],"3":[1,1,1,21],"4":[4,3],"5":[0]}}
}
