TN:
SF:src\components\AddTodo.tsx
FN:5,(anonymous_0)
FN:9,(anonymous_1)
FN:21,(anonymous_2)
FNF:3
FNH:3
FNDA:3,(anonymous_0)
FNDA:1,(anonymous_1)
FNDA:1,(anonymous_2)
DA:2,1
DA:3,1
DA:5,1
DA:6,3
DA:7,3
DA:9,3
DA:10,1
DA:11,1
DA:12,1
DA:16,3
DA:21,1
DA:29,1
LF:12
LH:12
BRDA:10,0,0,1
BRF:1
BRH:1
end_of_record
TN:
SF:src\components\Filter.tsx
FN:4,(anonymous_0)
FN:7,(anonymous_1)
FNF:2
FNH:2
FNDA:4,(anonymous_0)
FNDA:3,(anonymous_1)
DA:2,1
DA:4,1
DA:5,4
DA:7,4
DA:8,3
DA:11,4
DA:24,1
LF:7
LH:7
BRF:0
BRH:0
end_of_record
TN:
SF:src\components\TodoItem.tsx
FN:9,(anonymous_0)
FN:14,(anonymous_1)
FN:26,(anonymous_2)
FN:32,(anonymous_3)
FN:34,(anonymous_4)
FN:38,(anonymous_5)
FN:43,(anonymous_6)
FN:46,(anonymous_7)
FNF:8
FNH:7
FNDA:21,(anonymous_0)
FNDA:2,(anonymous_1)
FNDA:1,(anonymous_2)
FNDA:1,(anonymous_3)
FNDA:2,(anonymous_4)
FNDA:3,(anonymous_5)
FNDA:0,(anonymous_6)
FNDA:1,(anonymous_7)
DA:1,2
DA:3,2
DA:9,2
DA:10,21
DA:11,21
DA:12,21
DA:14,21
DA:15,2
DA:16,1
DA:18,2
DA:21,21
DA:26,1
DA:32,1
DA:34,2
DA:38,3
DA:43,0
DA:46,1
DA:54,2
LF:18
LH:17
BRDA:15,0,0,1
BRDA:15,1,0,2
BRDA:15,1,1,2
BRDA:28,2,0,4
BRDA:28,2,1,17
BRDA:34,3,0,2
BRDA:34,3,1,2
BRF:7
BRH:7
end_of_record
TN:
SF:src\components\TodoList.tsx
FN:5,(anonymous_1)
FN:10,(anonymous_2)
FNF:2
FNH:2
FNDA:4,(anonymous_1)
FNDA:9,(anonymous_2)
DA:2,1
DA:3,1
DA:5,1
DA:6,4
DA:8,4
DA:11,9
DA:17,1
LF:7
LH:7
BRF:0
BRH:0
end_of_record
TN:
SF:src\context\TodoContext.tsx
FN:16,(anonymous_0)
FN:20,(anonymous_1)
FN:24,(anonymous_2)
FN:25,(anonymous_3)
FN:28,(anonymous_4)
FN:29,(anonymous_5)
FN:32,(anonymous_6)
FN:33,(anonymous_7)
FN:37,(anonymous_8)
FN:41,(anonymous_9)
FN:44,(anonymous_10)
FN:46,(anonymous_11)
FN:48,(anonymous_12)
FN:61,(anonymous_13)
FNF:14
FNH:14
FNDA:24,(anonymous_0)
FNDA:2,(anonymous_1)
FNDA:2,(anonymous_2)
FNDA:2,(anonymous_3)
FNDA:3,(anonymous_4)
FNDA:2,(anonymous_5)
FNDA:2,(anonymous_6)
FNDA:2,(anonymous_7)
FNDA:4,(anonymous_8)
FNDA:24,(anonymous_9)
FNDA:3,(anonymous_10)
FNDA:3,(anonymous_11)
FNDA:4,(anonymous_12)
FNDA:40,(anonymous_13)
DA:1,4
DA:14,4
DA:16,4
DA:17,24
DA:18,24
DA:20,24
DA:21,2
DA:24,24
DA:25,2
DA:28,24
DA:29,3
DA:32,24
DA:33,2
DA:34,2
DA:37,24
DA:38,4
DA:41,24
DA:42,24
DA:44,3
DA:46,3
DA:48,4
DA:50,21
DA:54,24
DA:61,4
DA:62,40
DA:63,40
DA:64,0
DA:66,40
LF:28
LH:27
BRDA:16,0,0,5
BRDA:25,1,0,1
BRDA:25,1,1,1
BRDA:33,2,0,2
BRDA:33,2,1,0
BRDA:42,3,0,1
BRDA:42,3,1,1
BRDA:42,3,2,1
BRDA:42,3,3,21
BRDA:48,4,0,4
BRDA:48,4,1,3
BRDA:63,5,0,0
BRF:12
BRH:10
end_of_record
